<?xml version="1.0" encoding="UTF-8"?>
<testng-results total="1" passed="1" failed="0" skipped="0">
  <reporter-output>
  </reporter-output>
  <suite started-at="2022-10-06T15:10:23Z" name="Default suite" finished-at="2022-10-06T15:10:29Z" duration-ms="6672">
    <groups>
    </groups>
    <test started-at="2022-10-06T15:10:23Z" name="Default test" finished-at="2022-10-06T15:10:29Z" duration-ms="6672">
      <class name="testcases.testcaseSearchGoogle">
        <test-method is-config="true" signature="beforeClass()[pri:0, instance:testcases.testcaseSearchGoogle@6736fa8d]" started-at="2022-10-06T22:10:23Z" name="beforeClass" finished-at="2022-10-06T22:10:26Z" duration-ms="3456" status="PASS">
          <reporter-output>
          </reporter-output>
        </test-method> <!-- beforeClass -->
        <test-method signature="TC_01_Search_Google()[pri:0, instance:testcases.testcaseSearchGoogle@6736fa8d]" started-at="2022-10-06T22:10:26Z" name="TC_01_Search_Google" finished-at="2022-10-06T22:10:28Z" duration-ms="2139" status="PASS">
          <reporter-output>
          </reporter-output>
        </test-method> <!-- TC_01_Search_Google -->
        <test-method is-config="true" signature="afterClass()[pri:0, instance:testcases.testcaseSearchGoogle@6736fa8d]" started-at="2022-10-06T22:10:28Z" name="afterClass" finished-at="2022-10-06T22:10:29Z" duration-ms="1059" status="PASS">
          <reporter-output>
          </reporter-output>
        </test-method> <!-- afterClass -->
      </class> <!-- testcases.testcaseSearchGoogle -->
    </test> <!-- Default test -->
  </suite> <!-- Default suite -->
</testng-results>
